[15:40:33] [main/INFO]: Setting user: Vais55
[15:40:33] [main/INFO]: (Session ID is token::)
[15:40:34] [Client thread/INFO]: LWJGL Version: 2.9.1
[15:40:35] [Client thread/INFO]: Reloading ResourceManager: Default
[15:40:36] [Client thread/INFO]: Created: 512x256 textures/blocks-atlas
[15:40:36] [Client thread/INFO]: Created: 256x256 textures/items-atlas
[15:40:37] [Sound Library Loader/INFO]: Sound engine started
[15:41:39] [Client thread/INFO]: Reloading ResourceManager: Default
[15:41:40] [Client thread/INFO]: Created: 512x256 textures/blocks-atlas
[15:41:40] [Client thread/INFO]: Created: 256x256 textures/items-atlas
[15:41:41] [Sound Library Loader/INFO]: Sound engine started
[15:43:12] [Server thread/INFO]: Starting integrated minecraft server version 1.7.10
[15:43:12] [Server thread/INFO]: Generating keypair
[15:43:12] [Server thread/INFO]: Converting map!
[15:43:12] [Server thread/INFO]: Scanning folders...
[15:43:12] [Server thread/INFO]: Total conversion count is 0
[15:43:12] [Server thread/INFO]: Preparing start region for level 0
[15:43:13] [Server thread/INFO]: Preparing spawn area: 8%
[15:43:14] [Server thread/INFO]: Preparing spawn area: 18%
[15:43:15] [Server thread/INFO]: Preparing spawn area: 32%
[15:43:16] [Server thread/INFO]: Preparing spawn area: 45%
[15:43:17] [Server thread/INFO]: Preparing spawn area: 57%
[15:43:18] [Server thread/INFO]: Preparing spawn area: 64%
[15:43:19] [Server thread/INFO]: Preparing spawn area: 66%
[15:43:20] [Server thread/INFO]: Preparing spawn area: 76%
[15:43:21] [Server thread/INFO]: Preparing spawn area: 88%
[15:43:22] [Server thread/INFO]: Changing view distance to 12, from 10
[15:43:22] [Server thread/INFO]: Vais55[local:E:f50414d0] logged in with entity id 160 at (115.5, 65.0, 259.5)
[15:43:22] [Server thread/INFO]: Vais55 присоединился к игре
[15:43:29] [Server thread/WARN]: Can't keep up! Did the system time change, or is the server overloaded? Running 6103ms behind, skipping 122 tick(s)
[15:43:30] [Server thread/INFO]: Vais55 заработал достижение [Проверить карманы]
[15:43:30] [Client thread/INFO]: [CHAT] Vais55 заработал достижение [Проверить карманы]
[15:43:31] [Client thread/INFO]: Warning: Clientside chunk ticking took 124 ms
[15:43:47] [Client thread/INFO]: Warning: Clientside chunk ticking took 130 ms
[15:43:47] [Client thread/INFO]: Warning: Clientside chunk ticking took 162 ms
[15:43:49] [Client thread/INFO]: Warning: Clientside chunk ticking took 108 ms
[15:43:50] [Server thread/INFO]: Saving and pausing game...
[15:43:50] [Server thread/INFO]: Saving chunks for level 'Новый мир'/Overworld
[15:43:51] [Server thread/INFO]: Saving chunks for level 'Новый мир'/Nether
[15:43:51] [Server thread/INFO]: Saving chunks for level 'Новый мир'/The End
[15:43:51] [Server thread/WARN]: Can't keep up! Did the system time change, or is the server overloaded? Running 3406ms behind, skipping 68 tick(s)
[15:43:52] [Server thread/INFO]: Stopping server
[15:43:52] [Server thread/INFO]: Saving players
[15:43:52] [Server thread/INFO]: Saving worlds
[15:43:52] [Server thread/INFO]: Saving chunks for level 'Новый мир'/Overworld
[15:43:52] [Server thread/INFO]: Saving chunks for level 'Новый мир'/Nether
[15:43:52] [Server thread/INFO]: Saving chunks for level 'Новый мир'/The End
[15:43:53] [Client thread/INFO]: Stopping!
